	Tower of Babel version: 0.99.0, Blender version: 2.71 (sub 0)
========= Conversion from Blender to Babylon friendly Python objects =========
	Python World class constructor completed
	processing begun of material:  airship.cloth
	processing begun of material:  airship.Material
Error encountered processing image file:  /Users/jesseolsson/GitHub/jesseolsson.github.io/airship/cloth.png, Error:  '/Users/jesseolsson/GitHub/jesseolsson.github.io/airship/cloth.png' and '/Users/jesseolsson/GitHub/jesseolsson.github.io/airship/cloth.png' are the same file
Error encountered processing image file:  /Users/jesseolsson/GitHub/jesseolsson.github.io/airship/cloth_NRM.png, Error:  '/Users/jesseolsson/GitHub/jesseolsson.github.io/airship/cloth_NRM.png' and '/Users/jesseolsson/GitHub/jesseolsson.github.io/airship/cloth_NRM.png' are the same file
	processing begun of mesh:  Cube.001
		num positions      :  64
		num normals        :  64
		num uvs            :  128
		num uvs2           :  0
		num colors         :  0
		num indices        :  96
	processing begun of mesh:  Plane
		WARNING:  No materials have been assigned: 
		num positions      :  4
		num normals        :  4
		num uvs            :  0
		num uvs2           :  0
		num colors         :  0
		num indices        :  6
	processing begun of mesh:  Cylinder
		WARNING:  No materials have been assigned: 
		num positions      :  16
		num normals        :  16
		num uvs            :  0
		num uvs2           :  0
		num colors         :  0
		num indices        :  84
	processing begun of mesh:  Cube.002
		WARNING:  No materials have been assigned: 
		num positions      :  220
		num normals        :  220
		num uvs            :  440
		num uvs2           :  0
		num colors         :  0
		num indices        :  1164
	processing begun of light:  Point
	processing begun of light:  Hemi
	processing begun of mesh:  fountain
		WARNING:  No materials have been assigned: 
		num positions      :  352
		num normals        :  352
		num uvs            :  0
		num uvs2           :  0
		num colors         :  0
		num indices        :  2010
	processing begun of camera:  Camera
	processing begun of mesh:  Cube
		WARNING:  No materials have been assigned: 
		num positions      :  5098
		num normals        :  5098
		num uvs            :  0
		num uvs2           :  0
		num colors         :  0
		num indices        :  30576
========= Writing of scene file started =========
========= Writing of scene file completed =========
========= Writing of typescript file started =========
========= Writing of typescript file completed =========
========= Writing of javascript file started =========
========= Writing of javascript file completed =========
========= end of processing =========
