	Tower of Babel version: 0.99.0, Blender version: 2.71 (sub 0)
========= Conversion from Blender to Babylon friendly Python objects =========
	Python World class constructor completed
	processing begun of material:  airship.Material
	WARNING texture type not currently supported:  NONE, ignored.
	processing begun of mesh:  player
		WARNING:  No materials have been assigned: 
		num positions      :  482
		num normals        :  482
		num uvs            :  0
		num uvs2           :  0
		num colors         :  0
		num indices        :  2880
	processing begun of light:  Point
	processing begun of mesh:  Sphere
		WARNING:  No materials have been assigned: 
		num positions      :  482
		num normals        :  482
		num uvs            :  0
		num uvs2           :  0
		num colors         :  0
		num indices        :  2880
	processing begun of camera:  Camera
	processing begun of mesh:  Plane
		WARNING:  No materials have been assigned: 
		num positions      :  4
		num normals        :  4
		num uvs            :  0
		num uvs2           :  0
		num colors         :  0
		num indices        :  6
========= Writing of scene file started =========
========= Writing of scene file completed =========
========= Writing of typescript file started =========
========= Writing of typescript file completed =========
========= Writing of javascript file started =========
========= Writing of javascript file completed =========
========= end of processing =========
