	Tower of Babel version: 0.99.0, Blender version: 2.71 (sub 0)
========= Conversion from Blender to Babylon friendly Python objects =========
	Python World class constructor completed
	WARNING: No active camera has been assigned, or is not in a currently selected Blender layer
	processing begun of material:  airship.Material
	WARNING texture type not currently supported:  NONE, ignored.
	processing begun of mesh:  Cube
		WARNING:  No materials have been assigned: 
		num positions      :  8
		num normals        :  8
		num uvs            :  0
		num uvs2           :  0
		num colors         :  0
		num indices        :  36
	processing begun of light:  Sun
	processing begun of shadows for light:  Sun
	processing begun of mesh:  Plane
		WARNING:  No materials have been assigned: 
		num positions      :  4
		num normals        :  4
		num uvs            :  0
		num uvs2           :  0
		num colors         :  0
		num indices        :  6
========= Writing of scene file started =========
========= Writing of scene file completed =========
========= Writing of typescript file started =========
========= Writing of typescript file completed =========
========= Writing of javascript file started =========
========= Writing of javascript file completed =========
========= end of processing =========
